<?xml version="1.0" encoding="UTF-8"?>
<!-- Generated by org.testng.reporters.JUnitReportReporter -->
<testsuite hostname="IN-PW0EZ839" failures="0" tests="1" name="packageA.WordCount" time="0.007" errors="0" timestamp="2025-07-22T22:28:56 IST" skipped="0">
  <testcase classname="packageA.WordCount" name="countWordsTest" time="0.007"/>
</testsuite> <!-- packageA.WordCount -->
